#
# There is insufficient memory for the Java Runtime Environment to continue.
# Native memory allocation (malloc) failed to allocate 32744 bytes for ChunkPool::allocate
# Possible reasons:
#   The system is out of physical RAM or swap space
#   The process is running with CompressedOops enabled, and the Java Heap may be blocking the growth of the native heap
# Possible solutions:
#   Reduce memory load on the system
#   Increase physical memory or swap space
#   Check if swap backing store is full
#   Decrease Java heap size (-Xmx/-Xms)
#   Decrease number of Java threads
#   Decrease Java thread stack sizes (-Xss)
#   Set larger code cache with -XX:ReservedCodeCacheSize=
#   JVM is running with Zero Based Compressed Oops mode in which the Java heap is
#     placed in the first 32GB address space. The Java Heap base address is the
#     maximum limit for the native heap growth. Please use -XX:HeapBaseMinAddress
#     to set the Java Heap base and to place the Java Heap above 32GB virtual address.
# This output file may be truncated or incomplete.
#
#  Out of Memory Error (allocation.cpp:272), pid=13948, tid=0x0000000000004a24
#
# JRE version: Java(TM) SE Runtime Environment (8.0_301-b09) (build 1.8.0_301-b09)
# Java VM: Java HotSpot(TM) 64-Bit Server VM (25.301-b09 mixed mode windows-amd64 compressed oops)
# Failed to write core dump. Minidumps are not enabled by default on client versions of Windows
#

---------------  T H R E A D  ---------------

Current thread (0x000001fa8f1a4000):  JavaThread "C1 CompilerThread2" daemon [_thread_in_native, id=18980, stack(0x0000002401200000,0x0000002401300000)]

Stack: [0x0000002401200000,0x0000002401300000]
Native frames: (J=compiled Java code, j=interpreted, Vv=VM code, C=native code)
V  [jvm.dll+0x32ed79]


Current CompileTask:
C1: 110171 5511       1       freemarker.core.FMParserTokenManager::TokenLexicalActions (5542 bytes)


---------------  P R O C E S S  ---------------

Java Threads: ( => current thread )
  0x000001fa92208000 JavaThread "DestroyJavaVM" [_thread_blocked, id=24532, stack(0x0000002400300000,0x0000002400400000)]
  0x000001fa92205800 JavaThread "http-nio-6868-AsyncTimeout" daemon [_thread_blocked, id=20064, stack(0x0000002403600000,0x0000002403700000)]
  0x000001fa92208800 JavaThread "http-nio-6868-Acceptor-0" daemon [_thread_in_native, id=19428, stack(0x0000002403500000,0x0000002403600000)]
  0x000001fa92204000 JavaThread "http-nio-6868-ClientPoller-1" daemon [_thread_in_native, id=15020, stack(0x0000002403400000,0x0000002403500000)]
  0x000001fa92205000 JavaThread "http-nio-6868-ClientPoller-0" daemon [_thread_in_native, id=20848, stack(0x0000002403300000,0x0000002403400000)]
  0x000001fa921fc800 JavaThread "http-nio-6868-exec-10" daemon [_thread_blocked, id=21040, stack(0x0000002403200000,0x0000002403300000)]
  0x000001fa92202800 JavaThread "http-nio-6868-exec-9" daemon [_thread_blocked, id=23464, stack(0x0000002403100000,0x0000002403200000)]
  0x000001fa92203800 JavaThread "http-nio-6868-exec-8" daemon [_thread_blocked, id=14488, stack(0x0000002403000000,0x0000002403100000)]
  0x000001fa921fb000 JavaThread "http-nio-6868-exec-7" daemon [_thread_blocked, id=23884, stack(0x0000002402f00000,0x0000002403000000)]
  0x000001fa92202000 JavaThread "http-nio-6868-exec-6" daemon [_thread_blocked, id=25008, stack(0x0000002402e00000,0x0000002402f00000)]
  0x000001fa92200800 JavaThread "http-nio-6868-exec-5" daemon [_thread_blocked, id=22788, stack(0x0000002402d00000,0x0000002402e00000)]
  0x000001fa921fa800 JavaThread "http-nio-6868-exec-4" daemon [_thread_blocked, id=9664, stack(0x0000002402c00000,0x0000002402d00000)]
  0x000001fa921ff000 JavaThread "http-nio-6868-exec-3" daemon [_thread_blocked, id=6772, stack(0x0000002402b00000,0x0000002402c00000)]
  0x000001fa92201000 JavaThread "http-nio-6868-exec-2" daemon [_thread_blocked, id=8576, stack(0x0000002402a00000,0x0000002402b00000)]
  0x000001fa921fe000 JavaThread "http-nio-6868-exec-1" daemon [_thread_in_native, id=6096, stack(0x0000002402900000,0x0000002402a00000)]
  0x000001fa921fc000 JavaThread "NioBlockingSelector.BlockPoller-1" daemon [_thread_in_native, id=24500, stack(0x0000002402800000,0x0000002402900000)]
  0x000001fa921ff800 JavaThread "Eureka-CacheFillTimer" daemon [_thread_blocked, id=24096, stack(0x0000002402700000,0x0000002402800000)]
  0x000001fa921fd800 JavaThread "Eureka-PeerNodesUpdater" daemon [_thread_blocked, id=24720, stack(0x0000002402600000,0x0000002402700000)]
  0x000001fa921f9800 JavaThread "Eureka-MeasureRateTimer" daemon [_thread_blocked, id=23976, stack(0x0000002402500000,0x0000002402600000)]
  0x000001fa8f2f1800 JavaThread "ReplicaAwareInstanceRegistry - RenewalThresholdUpdater" daemon [_thread_blocked, id=21988, stack(0x0000002402400000,0x0000002402500000)]
  0x000001fa8f2f0800 JavaThread "Eureka-MeasureRateTimer" daemon [_thread_blocked, id=12000, stack(0x0000002402300000,0x0000002402400000)]
  0x000001fa8f2f0000 JavaThread "Eureka-EvictionTimer" daemon [_thread_blocked, id=23772, stack(0x0000002402200000,0x0000002402300000)]
  0x000001fa8f2f3000 JavaThread "Eureka-DeltaRetentionTimer" daemon [_thread_blocked, id=21880, stack(0x0000002401700000,0x0000002401800000)]
  0x000001fa8f2ef000 JavaThread "container-0" [_thread_blocked, id=20644, stack(0x0000002402100000,0x0000002402200000)]
  0x000001fa8f2f5000 JavaThread "ContainerBackgroundProcessor[StandardEngine[Tomcat]]" daemon [_thread_blocked, id=4144, stack(0x0000002402000000,0x0000002402100000)]
  0x000001fa8f2f4800 JavaThread "spring.cloud.inetutils" daemon [_thread_blocked, id=19260, stack(0x0000002401e00000,0x0000002401f00000)]
  0x000001fa8f2f3800 JavaThread "SimplePauseDetectorThread_0" daemon [_thread_blocked, id=16956, stack(0x0000002401d00000,0x0000002401e00000)]
  0x000001fa8f2f2000 JavaThread "Thread-13" daemon [_thread_blocked, id=14420, stack(0x0000002401c00000,0x0000002401d00000)]
  0x000001fa8f020000 JavaThread "RMI Scheduler(0)" daemon [_thread_blocked, id=6996, stack(0x0000002401900000,0x0000002401a00000)]
  0x000001fa8f491800 JavaThread "RMI TCP Accept-0" daemon [_thread_in_native, id=24996, stack(0x0000002401400000,0x0000002401500000)]
  0x000001fa8f256000 JavaThread "Service Thread" daemon [_thread_blocked, id=23580, stack(0x0000002401300000,0x0000002401400000)]
=>0x000001fa8f1a4000 JavaThread "C1 CompilerThread2" daemon [_thread_in_native, id=18980, stack(0x0000002401200000,0x0000002401300000)]
  0x000001fa8f1a2000 JavaThread "C2 CompilerThread1" daemon [_thread_blocked, id=1500, stack(0x0000002401100000,0x0000002401200000)]
  0x000001fa8f19c800 JavaThread "C2 CompilerThread0" daemon [_thread_blocked, id=1100, stack(0x0000002401000000,0x0000002401100000)]
  0x000001fa8f19b000 JavaThread "Monitor Ctrl-Break" daemon [_thread_in_native, id=8636, stack(0x0000002400f00000,0x0000002401000000)]
  0x000001fafe4e5000 JavaThread "Attach Listener" daemon [_thread_blocked, id=20780, stack(0x0000002400e00000,0x0000002400f00000)]
  0x000001fafe493000 JavaThread "Signal Dispatcher" daemon [_thread_blocked, id=23848, stack(0x0000002400d00000,0x0000002400e00000)]
  0x000001faf27ab800 JavaThread "Finalizer" daemon [_thread_blocked, id=15336, stack(0x0000002400c00000,0x0000002400d00000)]
  0x000001fafe465000 JavaThread "Reference Handler" daemon [_thread_blocked, id=17804, stack(0x0000002400b00000,0x0000002400c00000)]

Other Threads:
  0x000001fafe440000 VMThread [stack: 0x0000002400a00000,0x0000002400b00000] [id=19356]
  0x000001fa8f49d000 WatcherThread [stack: 0x0000002401500000,0x0000002401600000] [id=25504]

VM state:not at safepoint (normal execution)

VM Mutex/Monitor currently owned by a thread: None

heap address: 0x00000006c1000000, size: 4080 MB, Compressed Oops mode: Zero based, Oop shift amount: 3
Narrow klass base: 0x0000000000000000, Narrow klass shift: 3
Compressed class space size: 1073741824 Address: 0x00000007c0000000

Heap:
 PSYoungGen      total 305664K, used 252539K [0x000000076b000000, 0x0000000786a00000, 0x00000007c0000000)
  eden space 286720K, 83% used [0x000000076b000000,0x0000000779a1e1d0,0x000000077c800000)
  from space 18944K, 67% used [0x000000077c800000,0x000000077d480cb8,0x000000077da80000)
  to   space 18944K, 0% used [0x0000000785780000,0x0000000785780000,0x0000000786a00000)
 ParOldGen       total 174080K, used 25058K [0x00000006c1000000, 0x00000006cba00000, 0x000000076b000000)
  object space 174080K, 14% used [0x00000006c1000000,0x00000006c2878920,0x00000006cba00000)
 Metaspace       used 49534K, capacity 52005K, committed 52352K, reserved 1093632K
  class space    used 6995K, capacity 7452K, committed 7552K, reserved 1048576K

Card table byte_map: [0x000001faf4330000,0x000001faf4b30000] byte_map_base: 0x000001faf0d28000

Marking Bits: (ParMarkBitMap*) 0x000000006f1f7fe0
 Begin Bits: [0x000001faf5080000, 0x000001faf9040000)
 End Bits:   [0x000001faf9040000, 0x000001fafd000000)

Polling page: 0x000001faf2670000

CodeCache: size=245760Kb used=10643Kb max_used=10643Kb free=235116Kb
 bounds [0x000001fa80000000, 0x000001fa80a70000, 0x000001fa8f000000]
 total_blobs=5870 nmethods=5367 adapters=414
 compilation: enabled

Compilation events (10 events):
Event: 110.163 Thread 0x000001fa8f1a4000 nmethod 5508 0x000001fa801ea150 code [0x000001fa801ea2a0, 0x000001fa801ea3d8]
Event: 110.163 Thread 0x000001fa8f1a4000 5507       1       freemarker.core.SimpleCharStream::GetImage (97 bytes)
Event: 110.164 Thread 0x000001fa8f1a4000 nmethod 5507 0x000001fa806d8190 code [0x000001fa806d8340, 0x000001fa806d8820]
Event: 110.164 Thread 0x000001fa8f1a4000 5509       1       freemarker.core.FMParserTokenManager::jjMoveStringLiteralDfa0_0 (71 bytes)
Event: 110.164 Thread 0x000001fa8f1a4000 nmethod 5509 0x000001fa801e9c10 code [0x000001fa801e9da0, 0x000001fa801e9fa0]
Event: 110.164 Thread 0x000001fa8f1a4000 5510       1       freemarker.core.FMParser::jj_scan_token (173 bytes)
Event: 110.165 Thread 0x000001fa8f1a4000 nmethod 5510 0x000001fa806d7ad0 code [0x000001fa806d7c40, 0x000001fa806d7fa0]
Event: 110.165 Thread 0x000001fa8f1a4000 5512       1       freemarker.core.FMParser::jj_consume_token (170 bytes)
Event: 110.165 Thread 0x000001fa8f1a4000 nmethod 5512 0x000001fa806d7490 code [0x000001fa806d7600, 0x000001fa806d78e0]
Event: 110.165 Thread 0x000001fa8f1a4000 5511       1       freemarker.core.FMParserTokenManager::TokenLexicalActions (5542 bytes)

GC Heap History (10 events):
Event: 3.876 GC heap before
{Heap before GC invocations=5 (full 1):
 PSYoungGen      total 141824K, used 131072K [0x000000076b000000, 0x000000077c500000, 0x00000007c0000000)
  eden space 131072K, 100% used [0x000000076b000000,0x0000000773000000,0x0000000773000000)
  from space 10752K, 0% used [0x0000000773000000,0x0000000773000000,0x0000000773a80000)
  to   space 10752K, 0% used [0x000000077ba80000,0x000000077ba80000,0x000000077c500000)
 ParOldGen       total 109568K, used 11894K [0x00000006c1000000, 0x00000006c7b00000, 0x000000076b000000)
  object space 109568K, 10% used [0x00000006c1000000,0x00000006c1b9d808,0x00000006c7b00000)
 Metaspace       used 25665K, capacity 26650K, committed 26752K, reserved 1073152K
  class space    used 3451K, capacity 3669K, committed 3712K, reserved 1048576K
Event: 3.883 GC heap after
Heap after GC invocations=5 (full 1):
 PSYoungGen      total 203264K, used 7324K [0x000000076b000000, 0x000000077c200000, 0x00000007c0000000)
  eden space 195584K, 0% used [0x000000076b000000,0x000000076b000000,0x0000000776f00000)
  from space 7680K, 95% used [0x000000077ba80000,0x000000077c1a7248,0x000000077c200000)
  to   space 10752K, 0% used [0x000000077ad00000,0x000000077ad00000,0x000000077b780000)
 ParOldGen       total 109568K, used 11902K [0x00000006c1000000, 0x00000006c7b00000, 0x000000076b000000)
  object space 109568K, 10% used [0x00000006c1000000,0x00000006c1b9f808,0x00000006c7b00000)
 Metaspace       used 25665K, capacity 26650K, committed 26752K, reserved 1073152K
  class space    used 3451K, capacity 3669K, committed 3712K, reserved 1048576K
}
Event: 5.044 GC heap before
{Heap before GC invocations=6 (full 1):
 PSYoungGen      total 203264K, used 202908K [0x000000076b000000, 0x000000077c200000, 0x00000007c0000000)
  eden space 195584K, 100% used [0x000000076b000000,0x0000000776f00000,0x0000000776f00000)
  from space 7680K, 95% used [0x000000077ba80000,0x000000077c1a7248,0x000000077c200000)
  to   space 10752K, 0% used [0x000000077ad00000,0x000000077ad00000,0x000000077b780000)
 ParOldGen       total 109568K, used 11902K [0x00000006c1000000, 0x00000006c7b00000, 0x000000076b000000)
  object space 109568K, 10% used [0x00000006c1000000,0x00000006c1b9f808,0x00000006c7b00000)
 Metaspace       used 31297K, capacity 32690K, committed 32768K, reserved 1077248K
  class space    used 4255K, capacity 4533K, committed 4608K, reserved 1048576K
Event: 5.055 GC heap after
Heap after GC invocations=6 (full 1):
 PSYoungGen      total 269824K, used 10721K [0x000000076b000000, 0x000000077ea00000, 0x00000007c0000000)
  eden space 259072K, 0% used [0x000000076b000000,0x000000076b000000,0x000000077ad00000)
  from space 10752K, 99% used [0x000000077ad00000,0x000000077b7784e0,0x000000077b780000)
  to   space 15872K, 0% used [0x000000077da80000,0x000000077da80000,0x000000077ea00000)
 ParOldGen       total 109568K, used 15920K [0x00000006c1000000, 0x00000006c7b00000, 0x000000076b000000)
  object space 109568K, 14% used [0x00000006c1000000,0x00000006c1f8c200,0x00000006c7b00000)
 Metaspace       used 31297K, capacity 32690K, committed 32768K, reserved 1077248K
  class space    used 4255K, capacity 4533K, committed 4608K, reserved 1048576K
}
Event: 5.680 GC heap before
{Heap before GC invocations=7 (full 1):
 PSYoungGen      total 269824K, used 156846K [0x000000076b000000, 0x000000077ea00000, 0x00000007c0000000)
  eden space 259072K, 56% used [0x000000076b000000,0x0000000773eb3598,0x000000077ad00000)
  from space 10752K, 99% used [0x000000077ad00000,0x000000077b7784e0,0x000000077b780000)
  to   space 15872K, 0% used [0x000000077da80000,0x000000077da80000,0x000000077ea00000)
 ParOldGen       total 109568K, used 15920K [0x00000006c1000000, 0x00000006c7b00000, 0x000000076b000000)
  object space 109568K, 14% used [0x00000006c1000000,0x00000006c1f8c200,0x00000006c7b00000)
 Metaspace       used 33755K, capacity 35378K, committed 35456K, reserved 1079296K
  class space    used 4620K, capacity 4935K, committed 4992K, reserved 1048576K
Event: 5.690 GC heap after
Heap after GC invocations=7 (full 1):
 PSYoungGen      total 302592K, used 15844K [0x000000076b000000, 0x0000000785180000, 0x00000007c0000000)
  eden space 286720K, 0% used [0x000000076b000000,0x000000076b000000,0x000000077c800000)
  from space 15872K, 99% used [0x000000077da80000,0x000000077e9f9350,0x000000077ea00000)
  to   space 18944K, 0% used [0x000000077c800000,0x000000077c800000,0x000000077da80000)
 ParOldGen       total 109568K, used 16849K [0x00000006c1000000, 0x00000006c7b00000, 0x000000076b000000)
  object space 109568K, 15% used [0x00000006c1000000,0x00000006c2074790,0x00000006c7b00000)
 Metaspace       used 33755K, capacity 35378K, committed 35456K, reserved 1079296K
  class space    used 4620K, capacity 4935K, committed 4992K, reserved 1048576K
}
Event: 5.690 GC heap before
{Heap before GC invocations=8 (full 2):
 PSYoungGen      total 302592K, used 15844K [0x000000076b000000, 0x0000000785180000, 0x00000007c0000000)
  eden space 286720K, 0% used [0x000000076b000000,0x000000076b000000,0x000000077c800000)
  from space 15872K, 99% used [0x000000077da80000,0x000000077e9f9350,0x000000077ea00000)
  to   space 18944K, 0% used [0x000000077c800000,0x000000077c800000,0x000000077da80000)
 ParOldGen       total 109568K, used 16849K [0x00000006c1000000, 0x00000006c7b00000, 0x000000076b000000)
  object space 109568K, 15% used [0x00000006c1000000,0x00000006c2074790,0x00000006c7b00000)
 Metaspace       used 33755K, capacity 35378K, committed 35456K, reserved 1079296K
  class space    used 4620K, capacity 4935K, committed 4992K, reserved 1048576K
Event: 5.739 GC heap after
Heap after GC invocations=8 (full 2):
 PSYoungGen      total 302592K, used 0K [0x000000076b000000, 0x0000000785180000, 0x00000007c0000000)
  eden space 286720K, 0% used [0x000000076b000000,0x000000076b000000,0x000000077c800000)
  from space 15872K, 0% used [0x000000077da80000,0x000000077da80000,0x000000077ea00000)
  to   space 18944K, 0% used [0x000000077c800000,0x000000077c800000,0x000000077da80000)
 ParOldGen       total 174080K, used 25050K [0x00000006c1000000, 0x00000006cba00000, 0x000000076b000000)
  object space 174080K, 14% used [0x00000006c1000000,0x00000006c2876920,0x00000006cba00000)
 Metaspace       used 33755K, capacity 35378K, committed 35456K, reserved 1079296K
  class space    used 4620K, capacity 4935K, committed 4992K, reserved 1048576K
}
Event: 9.614 GC heap before
{Heap before GC invocations=9 (full 2):
 PSYoungGen      total 302592K, used 286720K [0x000000076b000000, 0x0000000785180000, 0x00000007c0000000)
  eden space 286720K, 100% used [0x000000076b000000,0x000000077c800000,0x000000077c800000)
  from space 15872K, 0% used [0x000000077da80000,0x000000077da80000,0x000000077ea00000)
  to   space 18944K, 0% used [0x000000077c800000,0x000000077c800000,0x000000077da80000)
 ParOldGen       total 174080K, used 25050K [0x00000006c1000000, 0x00000006cba00000, 0x000000076b000000)
  object space 174080K, 14% used [0x00000006c1000000,0x00000006c2876920,0x00000006cba00000)
 Metaspace       used 41414K, capacity 43324K, committed 43392K, reserved 1087488K
  class space    used 5811K, capacity 6204K, committed 6272K, reserved 1048576K
Event: 9.632 GC heap after
Heap after GC invocations=9 (full 2):
 PSYoungGen      total 305664K, used 12803K [0x000000076b000000, 0x0000000786a00000, 0x00000007c0000000)
  eden space 286720K, 0% used [0x000000076b000000,0x000000076b000000,0x000000077c800000)
  from space 18944K, 67% used [0x000000077c800000,0x000000077d480cb8,0x000000077da80000)
  to   space 18944K, 0% used [0x0000000785780000,0x0000000785780000,0x0000000786a00000)
 ParOldGen       total 174080K, used 25058K [0x00000006c1000000, 0x00000006cba00000, 0x000000076b000000)
  object space 174080K, 14% used [0x00000006c1000000,0x00000006c2878920,0x00000006cba00000)
 Metaspace       used 41414K, capacity 43324K, committed 43392K, reserved 1087488K
  class space    used 5811K, capacity 6204K, committed 6272K, reserved 1048576K
}

Deoptimization events (0 events):
No events

Classes redefined (0 events):
No events

Internal exceptions (10 events):
Event: 10.856 Thread 0x000001fa92207000 Exception <a 'java/lang/ArrayIndexOutOfBoundsException'> (0x000000077659aca8) thrown at [C:\jenkins\workspace\8-2-build-windows-amd64-cygwin\jdk8u301\1513\hotspot\src\share\vm\runtime\sharedRuntime.cpp, line 609]
Event: 10.857 Thread 0x000001fa92206800 Exception <a 'java/lang/ArrayIndexOutOfBoundsException'> (0x00000007766cdf38) thrown at [C:\jenkins\workspace\8-2-build-windows-amd64-cygwin\jdk8u301\1513\hotspot\src\share\vm\runtime\sharedRuntime.cpp, line 609]
Event: 15.936 Thread 0x000001fa92201000 Exception <a 'java/lang/ClassNotFoundException': java/lang/ObjectCustomizer> (0x0000000777642898) thrown at [C:\jenkins\workspace\8-2-build-windows-amd64-cygwin\jdk8u301\1513\hotspot\src\share\vm\classfile\systemDictionary.cpp, line 212]
Event: 15.937 Thread 0x000001fa92201000 Exception <a 'java/lang/ClassNotFoundException': org/springframework/web/servlet/handler/HandlerMappingIntrospectorCustomizer> (0x0000000777673ac0) thrown at [C:\jenkins\workspace\8-2-build-windows-amd64-cygwin\jdk8u301\1513\hotspot\src\share\vm\classfile
Event: 15.937 Thread 0x000001fa92201000 Exception <a 'java/lang/ArrayIndexOutOfBoundsException'> (0x0000000777676580) thrown at [C:\jenkins\workspace\8-2-build-windows-amd64-cygwin\jdk8u301\1513\hotspot\src\share\vm\runtime\sharedRuntime.cpp, line 609]
Event: 15.938 Thread 0x000001fa92201000 Exception <a 'java/lang/ClassNotFoundException': org/springframework/web/cors/CorsConfigurationSourceCustomizer> (0x00000007776a3418) thrown at [C:\jenkins\workspace\8-2-build-windows-amd64-cygwin\jdk8u301\1513\hotspot\src\share\vm\classfile\systemDiction
Event: 15.938 Thread 0x000001fa92201000 Exception <a 'java/lang/ClassNotFoundException': org/springframework/context/ApplicationContextAwareCustomizer> (0x00000007776cac58) thrown at [C:\jenkins\workspace\8-2-build-windows-amd64-cygwin\jdk8u301\1513\hotspot\src\share\vm\classfile\systemDictiona
Event: 15.939 Thread 0x000001fa92201000 Exception <a 'java/lang/ClassNotFoundException': org/springframework/beans/factory/InitializingBeanCustomizer> (0x00000007776f2b18) thrown at [C:\jenkins\workspace\8-2-build-windows-amd64-cygwin\jdk8u301\1513\hotspot\src\share\vm\classfile\systemDictionar
Event: 16.087 Thread 0x000001fa921fe000 Exception <a 'java/lang/ArrayIndexOutOfBoundsException'> (0x0000000777da5b30) thrown at [C:\jenkins\workspace\8-2-build-windows-amd64-cygwin\jdk8u301\1513\hotspot\src\share\vm\runtime\sharedRuntime.cpp, line 609]
Event: 43.870 Thread 0x000001fa921ff800 Exception <a 'java/lang/ArrayIndexOutOfBoundsException'> (0x0000000776b078a8) thrown at [C:\jenkins\workspace\8-2-build-windows-amd64-cygwin\jdk8u301\1513\hotspot\src\share\vm\runtime\sharedRuntime.cpp, line 609]

Events (10 events):
Event: 110.167 loading class freemarker/core/DefaultToExpression
Event: 110.167 loading class freemarker/core/DefaultToExpression done
Event: 110.168 loading class freemarker/template/SimpleCollection
Event: 110.168 loading class freemarker/template/SimpleCollection done
Event: 110.168 loading class freemarker/template/TemplateCollectionModel
Event: 110.168 loading class freemarker/template/TemplateCollectionModel done
Event: 110.168 loading class freemarker/core/DefaultToExpression$EmptyStringAndSequenceAndHash
Event: 110.168 loading class freemarker/core/DefaultToExpression$EmptyStringAndSequenceAndHash done
Event: 110.169 loading class freemarker/core/MixedContent
Event: 110.169 loading class freemarker/core/MixedContent done


Dynamic libraries:
0x00007ff79ff90000 - 0x00007ff79ffd7000 	D:\Program Files\Java\jdk1.8.0_301\bin\java.exe
0x00007ff9277f0000 - 0x00007ff9279e5000 	C:\WINDOWS\SYSTEM32\ntdll.dll
0x00007ff9274d0000 - 0x00007ff92758d000 	C:\WINDOWS\System32\KERNEL32.DLL
0x00007ff925170000 - 0x00007ff925439000 	C:\WINDOWS\System32\KERNELBASE.dll
0x00007ff926310000 - 0x00007ff9263bc000 	C:\WINDOWS\System32\ADVAPI32.dll
0x00007ff925a90000 - 0x00007ff925b2e000 	C:\WINDOWS\System32\msvcrt.dll
0x00007ff927590000 - 0x00007ff92762b000 	C:\WINDOWS\System32\sechost.dll
0x00007ff926910000 - 0x00007ff926a3a000 	C:\WINDOWS\System32\RPCRT4.dll
0x00007ff927330000 - 0x00007ff9274d0000 	C:\WINDOWS\System32\USER32.dll
0x00007ff925090000 - 0x00007ff9250b2000 	C:\WINDOWS\System32\win32u.dll
0x00007ff9259f0000 - 0x00007ff925a1a000 	C:\WINDOWS\System32\GDI32.dll
0x00007ff925440000 - 0x00007ff92554b000 	C:\WINDOWS\System32\gdi32full.dll
0x00007ff925710000 - 0x00007ff9257ad000 	C:\WINDOWS\System32\msvcp_win.dll
0x00007ff925610000 - 0x00007ff925710000 	C:\WINDOWS\System32\ucrtbase.dll
0x00007ff911a00000 - 0x00007ff911c9a000 	C:\WINDOWS\WinSxS\amd64_microsoft.windows.common-controls_6595b64144ccf1df_6.0.19041.1110_none_60b5254171f9507e\COMCTL32.dll
0x00007ff9262d0000 - 0x00007ff926300000 	C:\WINDOWS\System32\IMM32.DLL
0x00007ff91efe0000 - 0x00007ff91eff5000 	D:\Program Files\Java\jdk1.8.0_301\jre\bin\vcruntime140.dll
0x00007ff90f600000 - 0x00007ff90f69b000 	D:\Program Files\Java\jdk1.8.0_301\jre\bin\msvcp140.dll
0x000000006ea10000 - 0x000000006f270000 	D:\Program Files\Java\jdk1.8.0_301\jre\bin\server\jvm.dll
0x00007ff925900000 - 0x00007ff925908000 	C:\WINDOWS\System32\PSAPI.DLL
0x00007ff91d760000 - 0x00007ff91d787000 	C:\WINDOWS\SYSTEM32\WINMM.dll
0x00007ff91ebb0000 - 0x00007ff91ebba000 	C:\WINDOWS\SYSTEM32\VERSION.dll
0x00007ff91ee00000 - 0x00007ff91ee09000 	C:\WINDOWS\SYSTEM32\WSOCK32.dll
0x00007ff925a20000 - 0x00007ff925a8b000 	C:\WINDOWS\System32\WS2_32.dll
0x00007ff922e60000 - 0x00007ff922e72000 	C:\WINDOWS\SYSTEM32\kernel.appcore.dll
0x00007ff91f2b0000 - 0x00007ff91f2c0000 	D:\Program Files\Java\jdk1.8.0_301\jre\bin\verify.dll
0x00007ff910410000 - 0x00007ff91043b000 	D:\Program Files\Java\jdk1.8.0_301\jre\bin\java.dll
0x00007ff9108c0000 - 0x00007ff9108f0000 	D:\Program Files\Java\jdk1.8.0_301\jre\bin\instrument.dll
0x00007ff9103f0000 - 0x00007ff910408000 	D:\Program Files\Java\jdk1.8.0_301\jre\bin\zip.dll
0x00007ff926b20000 - 0x00007ff92725f000 	C:\WINDOWS\System32\SHELL32.dll
0x00007ff923060000 - 0x00007ff9237f1000 	C:\WINDOWS\SYSTEM32\windows.storage.dll
0x00007ff925dc0000 - 0x00007ff926115000 	C:\WINDOWS\System32\combase.dll
0x00007ff9249a0000 - 0x00007ff9249cc000 	C:\WINDOWS\SYSTEM32\Wldp.dll
0x00007ff925c60000 - 0x00007ff925d0e000 	C:\WINDOWS\System32\SHCORE.dll
0x00007ff9268b0000 - 0x00007ff926905000 	C:\WINDOWS\System32\shlwapi.dll
0x00007ff924e70000 - 0x00007ff924e8f000 	C:\WINDOWS\SYSTEM32\profapi.dll
0x00007ff910500000 - 0x00007ff91051a000 	D:\IDE\ideaIU-2021.1.2\bin\breakgen64.dll
0x00007ff90f5e0000 - 0x00007ff90f5fc000 	D:\Program Files\Java\jdk1.8.0_301\jre\bin\net.dll
0x00007ff924700000 - 0x00007ff92476a000 	C:\WINDOWS\system32\mswsock.dll
0x00007ff9243e0000 - 0x00007ff9244ac000 	C:\WINDOWS\SYSTEM32\DNSAPI.dll
0x00007ff9243a0000 - 0x00007ff9243db000 	C:\WINDOWS\SYSTEM32\IPHLPAPI.DLL
0x00007ff925860000 - 0x00007ff925868000 	C:\WINDOWS\System32\NSI.dll
0x00007ff90bd80000 - 0x00007ff90bd8a000 	C:\Windows\System32\rasadhlp.dll
0x00007ff9133e0000 - 0x00007ff91345f000 	C:\WINDOWS\System32\fwpuclnt.dll
0x00007ff9255e0000 - 0x00007ff925607000 	C:\WINDOWS\System32\bcrypt.dll
0x00007ff922700000 - 0x00007ff92270d000 	D:\Program Files\Java\jdk1.8.0_301\jre\bin\management.dll
0x00007ff90f5c0000 - 0x00007ff90f5d3000 	D:\Program Files\Java\jdk1.8.0_301\jre\bin\nio.dll
0x00007ff9248e0000 - 0x00007ff9248f8000 	C:\WINDOWS\SYSTEM32\CRYPTSP.dll
0x00007ff924030000 - 0x00007ff924064000 	C:\WINDOWS\system32\rsaenh.dll
0x00007ff924df0000 - 0x00007ff924e1e000 	C:\WINDOWS\SYSTEM32\USERENV.dll
0x00007ff925550000 - 0x00007ff9255d3000 	C:\WINDOWS\System32\bcryptprimitives.dll
0x00007ff924900000 - 0x00007ff92490c000 	C:\WINDOWS\SYSTEM32\CRYPTBASE.dll
0x00007ff912de0000 - 0x00007ff912df7000 	C:\WINDOWS\SYSTEM32\dhcpcsvc6.DLL
0x00007ff912dc0000 - 0x00007ff912ddd000 	C:\WINDOWS\SYSTEM32\dhcpcsvc.DLL
0x00007ff90bf50000 - 0x00007ff90bf67000 	C:\WINDOWS\system32\napinsp.dll
0x00007ff90bdc0000 - 0x00007ff90bddb000 	C:\WINDOWS\system32\pnrpnsp.dll
0x00007ff90b530000 - 0x00007ff90b545000 	C:\WINDOWS\system32\wshbth.dll
0x00007ff9208a0000 - 0x00007ff9208bd000 	C:\WINDOWS\system32\NLAapi.dll
0x00007ff90b490000 - 0x00007ff90b4a2000 	C:\WINDOWS\System32\winrnr.dll

VM Arguments:
jvm_args: -XX:TieredStopAtLevel=1 -Xverify:none -Dspring.output.ansi.enabled=always -javaagent:D:\IDE\ideaIU-2021.1.2\lib\idea_rt.jar=7843:D:\IDE\ideaIU-2021.1.2\bin -Dcom.sun.management.jmxremote -Dspring.jmx.enabled=true -Dspring.liveBeansView.mbeanDomain -Dspring.application.admin.enabled=true -Dfile.encoding=UTF-8 
java_command: com.tensquare.eureka.EurekaApplication
java_class_path (initial): D:\Program Files\Java\jdk1.8.0_301\jre\lib\charsets.jar;D:\Program Files\Java\jdk1.8.0_301\jre\lib\deploy.jar;D:\Program Files\Java\jdk1.8.0_301\jre\lib\ext\access-bridge-64.jar;D:\Program Files\Java\jdk1.8.0_301\jre\lib\ext\cldrdata.jar;D:\Program Files\Java\jdk1.8.0_301\jre\lib\ext\dnsns.jar;D:\Program Files\Java\jdk1.8.0_301\jre\lib\ext\jaccess.jar;D:\Program Files\Java\jdk1.8.0_301\jre\lib\ext\jfxrt.jar;D:\Program Files\Java\jdk1.8.0_301\jre\lib\ext\localedata.jar;D:\Program Files\Java\jdk1.8.0_301\jre\lib\ext\nashorn.jar;D:\Program Files\Java\jdk1.8.0_301\jre\lib\ext\sunec.jar;D:\Program Files\Java\jdk1.8.0_301\jre\lib\ext\sunjce_provider.jar;D:\Program Files\Java\jdk1.8.0_301\jre\lib\ext\sunmscapi.jar;D:\Program Files\Java\jdk1.8.0_301\jre\lib\ext\sunpkcs11.jar;D:\Program Files\Java\jdk1.8.0_301\jre\lib\ext\zipfs.jar;D:\Program Files\Java\jdk1.8.0_301\jre\lib\javaws.jar;D:\Program Files\Java\jdk1.8.0_301\jre\lib\jce.jar;D:\Program Files\Java\jdk1.8.0_301\jre\lib\jfr.jar;D:\Program Files\Java\jdk1.8.0_301\jre\lib\jfxswt.jar;D:\Program Files\Java\jdk1.8.0_301\jre\lib\jsse.jar;D:\Program Files\Java\jdk1.8.0_301\jre\lib\management-agent.jar;D:\Program Files\Java\jdk1.8.0_301\jre\lib\plugin.jar;D:\Program Files\Java\jdk1.8.0_301\jre\lib\resources.jar;D:\Program Files\Java\jdk1.8.0_301\jre\lib\rt.jar;E:\MyCode\tensquare-parent\tensquare-eureka\target\classes;E:\developServer\Repository\org\springframework\cloud\spring-cloud-starter-netflix-eureka-server\2.0.0.M8\spring-cloud-starter-netflix-eureka-server-2.0.0.M8.jar;E:\developServer\Repository\org\springframework\cloud\spring-cloud-starter\2.0.0.M9\spring-cloud-starter-2.0.0.M9.jar;E:\developServer\Repository\org\springframework\cloud\spring-cloud-context\2.0.0.M9\spring-cloud-context-2.0.0.M9.jar;E:\developServer\Repository\org\springframework\security\spring-security-crypto\5.0.4.RELEASE\spring-security-crypto-5.0.4.RELEASE.jar;E:\developServer\Repository\org\springframework\cloud\spr
Launcher Type: SUN_STANDARD

Environment Variables:
JAVA_HOME=D:\Program Files\Java\jdk1.8.0_301
PATH=D:\Program Files\Java\jdk1.8.0_301\bin;E:\developServer\apache-maven-3.6.3\bin;C:\Program Files (x86)\Common Files\Oracle\Java\javapath;C:\Windows\system32;C:\Windows;C:\Windows\System32\Wbem;C:\Windows\System32\WindowsPowerShell\v1.0\;C:\Windows\System32\OpenSSH\;D:\Program Files\Git\cmd;C:\Program Files (x86)\NVIDIA Corporation\PhysX\Common;C:\Program Files\NVIDIA Corporation\NVIDIA NvDLISR;D:\Program Files\TortoiseGit\bin;C:\Python27;C:\Program Files\nodejs\;C:\WINDOWS\system32;C:\WINDOWS;C:\WINDOWS\System32\Wbem;C:\WINDOWS\System32\WindowsPowerShell\v1.0\;C:\WINDOWS\System32\OpenSSH\;C:\Users\Administrator\AppData\Local\Microsoft\WindowsApps;D:\Program Files (x86)\Microsoft VS Code\bin;C:\Users\Administrator\AppData\Roaming\npm;
USERNAME=Administrator
OS=Windows_NT
PROCESSOR_IDENTIFIER=Intel64 Family 6 Model 158 Stepping 10, GenuineIntel



---------------  S Y S T E M  ---------------

OS: Windows 10.0 , 64 bit Build 19041 (10.0.19041.1023)

CPU:total 6 (initial active 6) (6 cores per cpu, 1 threads per core) family 6 model 158 stepping 10, cmov, cx8, fxsr, mmx, sse, sse2, sse3, ssse3, sse4.1, sse4.2, popcnt, avx, avx2, aes, clmul, erms, 3dnowpref, lzcnt, tsc, tscinvbit, bmi1, bmi2, adx

Memory: 4k page, physical 16709984k(1576884k free), swap 27195744k(4116k free)

vm_info: Java HotSpot(TM) 64-Bit Server VM (25.301-b09) for windows-amd64 JRE (1.8.0_301-b09), built on Jun  9 2021 06:46:21 by "java_re" with MS VC++ 15.9 (VS2017)

time: Thu Aug  5 20:24:06 2021
timezone: 中国标准时间
elapsed time: 110.178634 seconds (0d 0h 1m 50s)

